Operating system: Microsoft Windows NT 6.2.9200.0
Opening INI file "C:\Users\sebll\Downloads\Sonic-2-Aug-21st-Disassembly\SonLVL INI Files\SonLVL.ini"...
Game type is S2NA.
Loading Wood Zone Act 1...
Loading 128x128 chunks from file "../Level/Wood Zone/Chunks.kos", using compression Kosinski...
Loading 16x16 blocks from file "../Level/Wood Zone/Blocks.dat", using compression Uncompressed...
Loading 8x8 tiles from file "../Level/Wood Zone/Tiles.nem", using compression Nemesis...
Loading palette file "../Palettes/Sonic.pal"...
Source: 0 Destination: 0 Length: 16
Loading palette file "../Palettes/Wz.pal"...
Source: 0 Destination: 16 Length: 48
Loading FG layout from file "../Level/Wood Zone/Fg_Map1.dat", using compression Uncompressed...
Loading BG layout from file "../Level/Wood Zone/Bg_Map1.dat", using compression Uncompressed...
Loading object definition file "obj.ini".
Loading object definition file "obj.ini".
System.AggregateException: One or more errors occurred. ---> System.ArgumentException: Source array was not long enough. Check srcIndex and length, and the array's lower bounds.
   at System.Array.Copy(Array sourceArray, Int32 sourceIndex, Array destinationArray, Int32 destinationIndex, Int32 length, Boolean reliable)
   at SonicRetro.SonLVL.API.ByteConverter.ToInt16(Byte[] value, Int32 startIndex) in E:\Programs\SonLVL\SonLVLAPI\ByteConverter.cs:line 61
   at SonicRetro.SonLVL.API.LevelData.GetOffsetList(Byte[] file) in E:\Programs\SonLVL\SonLVLAPI\LevelData.cs:line 1761
   at SonicRetro.SonLVL.API.MappingsFrame.Load(Byte[] file, EngineVersion version, Dictionary`2 labels) in E:\Programs\SonLVL\SonLVLAPI\DataTypes.cs:line 1396
   at SonicRetro.SonLVL.API.ObjectHelper.MapToBmp(Byte[] artfile, Byte[] mapfile, Int32 frame, Int32 startpal, Boolean priority, EngineVersion version) in E:\Programs\SonLVL\SonLVLAPI\ObjectHelper.cs:line 21
   at SonicRetro.SonLVL.API.ObjectHelper.MapASMToBmp(Byte[] artfile, String mapfileloc, Int32 frame, Int32 startpal, Boolean priority, EngineVersion version) in E:\Programs\SonLVL\SonLVLAPI\ObjectHelper.cs:line 29
   at SonicRetro.SonLVL.API.XMLObjectDefinition.Init(ObjectData data) in E:\Programs\SonLVL\SonLVLAPI\ObjectDefinition.cs:line 710
   at SonicRetro.SonLVL.API.LevelData.<>c__DisplayClass102_0.<InitObjectDefinitions>b__0(KeyValuePair`2 group) in E:\Programs\SonLVL\SonLVLAPI\LevelData.cs:line 1578
   at System.Threading.Tasks.Parallel.<>c__DisplayClass42_0`2.<PartitionerForEachWorker>b__1()
   at System.Threading.Tasks.Task.InnerInvoke()
   at System.Threading.Tasks.Task.InnerInvokeWithArg(Task childTask)
   at System.Threading.Tasks.Task.<>c__DisplayClass176_0.<ExecuteSelfReplicating>b__0(Object <p0>)
   --- End of inner exception stack trace ---
   at System.Threading.Tasks.Task.ThrowIfExceptional(Boolean includeTaskCanceledExceptions)
   at System.Threading.Tasks.Task.Wait(Int32 millisecondsTimeout, CancellationToken cancellationToken)
   at System.Threading.Tasks.Task.Wait()
   at System.Threading.Tasks.Parallel.PartitionerForEachWorker[TSource,TLocal](Partitioner`1 source, ParallelOptions parallelOptions, Action`1 simpleBody, Action`2 bodyWithState, Action`3 bodyWithStateAndIndex, Func`4 bodyWithStateAndLocal, Func`5 bodyWithEverything, Func`1 localInit, Action`1 localFinally)
   at System.Threading.Tasks.Parallel.ForEachWorker[TSource,TLocal](IEnumerable`1 source, ParallelOptions parallelOptions, Action`1 body, Action`2 bodyWithState, Action`3 bodyWithStateAndIndex, Func`4 bodyWithStateAndLocal, Func`5 bodyWithEverything, Func`1 localInit, Action`1 localFinally)
   at System.Threading.Tasks.Parallel.ForEach[TSource](IEnumerable`1 source, Action`1 body)
   at SonicRetro.SonLVL.API.LevelData.InitObjectDefinitions() in E:\Programs\SonLVL\SonLVLAPI\LevelData.cs:line 1505
   at SonicRetro.SonLVL.API.LevelData.LoadLevel(String levelname, Boolean loadGraphics) in E:\Programs\SonLVL\SonLVLAPI\LevelData.cs:line 319
   at SonicRetro.SonLVL.GUI.MainForm.backgroundLevelLoader_DoWork(Object sender, DoWorkEventArgs e) in E:\Programs\SonLVL\SonLVL\MainForm.cs:line 574
---> (Inner Exception #0) System.ArgumentException: Source array was not long enough. Check srcIndex and length, and the array's lower bounds.
   at System.Array.Copy(Array sourceArray, Int32 sourceIndex, Array destinationArray, Int32 destinationIndex, Int32 length, Boolean reliable)
   at SonicRetro.SonLVL.API.ByteConverter.ToInt16(Byte[] value, Int32 startIndex) in E:\Programs\SonLVL\SonLVLAPI\ByteConverter.cs:line 61
   at SonicRetro.SonLVL.API.LevelData.GetOffsetList(Byte[] file) in E:\Programs\SonLVL\SonLVLAPI\LevelData.cs:line 1761
   at SonicRetro.SonLVL.API.MappingsFrame.Load(Byte[] file, EngineVersion version, Dictionary`2 labels) in E:\Programs\SonLVL\SonLVLAPI\DataTypes.cs:line 1396
   at SonicRetro.SonLVL.API.ObjectHelper.MapToBmp(Byte[] artfile, Byte[] mapfile, Int32 frame, Int32 startpal, Boolean priority, EngineVersion version) in E:\Programs\SonLVL\SonLVLAPI\ObjectHelper.cs:line 21
   at SonicRetro.SonLVL.API.ObjectHelper.MapASMToBmp(Byte[] artfile, String mapfileloc, Int32 frame, Int32 startpal, Boolean priority, EngineVersion version) in E:\Programs\SonLVL\SonLVLAPI\ObjectHelper.cs:line 29
   at SonicRetro.SonLVL.API.XMLObjectDefinition.Init(ObjectData data) in E:\Programs\SonLVL\SonLVLAPI\ObjectDefinition.cs:line 710
   at SonicRetro.SonLVL.API.LevelData.<>c__DisplayClass102_0.<InitObjectDefinitions>b__0(KeyValuePair`2 group) in E:\Programs\SonLVL\SonLVLAPI\LevelData.cs:line 1578
   at System.Threading.Tasks.Parallel.<>c__DisplayClass42_0`2.<PartitionerForEachWorker>b__1()
   at System.Threading.Tasks.Task.InnerInvoke()
   at System.Threading.Tasks.Task.InnerInvokeWithArg(Task childTask)
   at System.Threading.Tasks.Task.<>c__DisplayClass176_0.<ExecuteSelfReplicating>b__0(Object <p0>)<---

Opening INI file "C:\Users\sebll\Downloads\Sonic-2-Aug-21st-Disassembly\SonLVL INI Files\SonLVL.ini"...
Game type is S2NA.
Loading Wood Zone Act 2...
Loading 128x128 chunks from file "../Level/Wood Zone/Chunks.kos", using compression Kosinski...
Loading 16x16 blocks from file "../Level/Wood Zone/Blocks.dat", using compression Uncompressed...
Loading 8x8 tiles from file "../Level/Wood Zone/Tiles.nem", using compression Nemesis...
Loading palette file "../Palettes/Sonic.pal"...
Source: 0 Destination: 0 Length: 16
Loading palette file "../Palettes/Wz.pal"...
Source: 0 Destination: 16 Length: 48
Loading FG layout from file "../Level/Wood Zone/Fg_Map2.dat", using compression Uncompressed...
Loading BG layout from file "../Level/Wood Zone/Bg_Map2.dat", using compression Uncompressed...
Loading FG layout from file "../Level/Wood Zone/Fg_Map1.dat", using compression Uncompressed...
Loading BG layout from file "../Level/Wood Zone/Bg_Map1.dat", using compression Uncompressed...
Loading object definition file "obj.ini".
Loading object definition file "obj.ini".
System.AggregateException: One or more errors occurred. ---> System.ArgumentException: Source array was not long enough. Check srcIndex and length, and the array's lower bounds.
   at System.Array.Copy(Array sourceArray, Int32 sourceIndex, Array destinationArray, Int32 destinationIndex, Int32 length, Boolean reliable)
   at SonicRetro.SonLVL.API.ByteConverter.ToInt16(Byte[] value, Int32 startIndex) in E:\Programs\SonLVL\SonLVLAPI\ByteConverter.cs:line 61
   at SonicRetro.SonLVL.API.LevelData.GetOffsetList(Byte[] file) in E:\Programs\SonLVL\SonLVLAPI\LevelData.cs:line 1761
   at SonicRetro.SonLVL.API.MappingsFrame.Load(Byte[] file, EngineVersion version, Dictionary`2 labels) in E:\Programs\SonLVL\SonLVLAPI\DataTypes.cs:line 1396
   at SonicRetro.SonLVL.API.ObjectHelper.MapToBmp(Byte[] artfile, Byte[] mapfile, Int32 frame, Int32 startpal, Boolean priority, EngineVersion version) in E:\Programs\SonLVL\SonLVLAPI\ObjectHelper.cs:line 21
   at SonicRetro.SonLVL.API.ObjectHelper.MapASMToBmp(Byte[] artfile, String mapfileloc, Int32 frame, Int32 startpal, Boolean priority, EngineVersion version) in E:\Programs\SonLVL\SonLVLAPI\ObjectHelper.cs:line 29
   at SonicRetro.SonLVL.API.XMLObjectDefinition.Init(ObjectData data) in E:\Programs\SonLVL\SonLVLAPI\ObjectDefinition.cs:line 710
   at SonicRetro.SonLVL.API.LevelData.<>c__DisplayClass102_0.<InitObjectDefinitions>b__0(KeyValuePair`2 group) in E:\Programs\SonLVL\SonLVLAPI\LevelData.cs:line 1578
   at System.Threading.Tasks.Parallel.<>c__DisplayClass42_0`2.<PartitionerForEachWorker>b__1()
   at System.Threading.Tasks.Task.InnerInvoke()
   at System.Threading.Tasks.Task.InnerInvokeWithArg(Task childTask)
   at System.Threading.Tasks.Task.<>c__DisplayClass176_0.<ExecuteSelfReplicating>b__0(Object <p0>)
   --- End of inner exception stack trace ---
   at System.Threading.Tasks.Task.ThrowIfExceptional(Boolean includeTaskCanceledExceptions)
   at System.Threading.Tasks.Task.Wait(Int32 millisecondsTimeout, CancellationToken cancellationToken)
   at System.Threading.Tasks.Task.Wait()
   at System.Threading.Tasks.Parallel.PartitionerForEachWorker[TSource,TLocal](Partitioner`1 source, ParallelOptions parallelOptions, Action`1 simpleBody, Action`2 bodyWithState, Action`3 bodyWithStateAndIndex, Func`4 bodyWithStateAndLocal, Func`5 bodyWithEverything, Func`1 localInit, Action`1 localFinally)
   at System.Threading.Tasks.Parallel.ForEachWorker[TSource,TLocal](IEnumerable`1 source, ParallelOptions parallelOptions, Action`1 body, Action`2 bodyWithState, Action`3 bodyWithStateAndIndex, Func`4 bodyWithStateAndLocal, Func`5 bodyWithEverything, Func`1 localInit, Action`1 localFinally)
   at System.Threading.Tasks.Parallel.ForEach[TSource](IEnumerable`1 source, Action`1 body)
   at SonicRetro.SonLVL.API.LevelData.InitObjectDefinitions() in E:\Programs\SonLVL\SonLVLAPI\LevelData.cs:line 1505
   at SonicRetro.SonLVL.API.LevelData.LoadLevel(String levelname, Boolean loadGraphics) in E:\Programs\SonLVL\SonLVLAPI\LevelData.cs:line 319
   at SonicRetro.SonLVL.GUI.MainForm.backgroundLevelLoader_DoWork(Object sender, DoWorkEventArgs e) in E:\Programs\SonLVL\SonLVL\MainForm.cs:line 574
---> (Inner Exception #0) System.ArgumentException: Source array was not long enough. Check srcIndex and length, and the array's lower bounds.
   at System.Array.Copy(Array sourceArray, Int32 sourceIndex, Array destinationArray, Int32 destinationIndex, Int32 length, Boolean reliable)
   at SonicRetro.SonLVL.API.ByteConverter.ToInt16(Byte[] value, Int32 startIndex) in E:\Programs\SonLVL\SonLVLAPI\ByteConverter.cs:line 61
   at SonicRetro.SonLVL.API.LevelData.GetOffsetList(Byte[] file) in E:\Programs\SonLVL\SonLVLAPI\LevelData.cs:line 1761
   at SonicRetro.SonLVL.API.MappingsFrame.Load(Byte[] file, EngineVersion version, Dictionary`2 labels) in E:\Programs\SonLVL\SonLVLAPI\DataTypes.cs:line 1396
   at SonicRetro.SonLVL.API.ObjectHelper.MapToBmp(Byte[] artfile, Byte[] mapfile, Int32 frame, Int32 startpal, Boolean priority, EngineVersion version) in E:\Programs\SonLVL\SonLVLAPI\ObjectHelper.cs:line 21
   at SonicRetro.SonLVL.API.ObjectHelper.MapASMToBmp(Byte[] artfile, String mapfileloc, Int32 frame, Int32 startpal, Boolean priority, EngineVersion version) in E:\Programs\SonLVL\SonLVLAPI\ObjectHelper.cs:line 29
   at SonicRetro.SonLVL.API.XMLObjectDefinition.Init(ObjectData data) in E:\Programs\SonLVL\SonLVLAPI\ObjectDefinition.cs:line 710
   at SonicRetro.SonLVL.API.LevelData.<>c__DisplayClass102_0.<InitObjectDefinitions>b__0(KeyValuePair`2 group) in E:\Programs\SonLVL\SonLVLAPI\LevelData.cs:line 1578
   at System.Threading.Tasks.Parallel.<>c__DisplayClass42_0`2.<PartitionerForEachWorker>b__1()
   at System.Threading.Tasks.Task.InnerInvoke()
   at System.Threading.Tasks.Task.InnerInvokeWithArg(Task childTask)
   at System.Threading.Tasks.Task.<>c__DisplayClass176_0.<ExecuteSelfReplicating>b__0(Object <p0>)<---

Opening INI file "C:\Users\sebll\Downloads\Sonic-2-Aug-21st-Disassembly\SonLVL INI Files\SonLVL.ini"...
Game type is S2NA.
Loading Wood Zone Act 1...
Loading 8x8 tiles from file "../Level/Wood Zone/Tiles.nem", using compression Nemesis...
Loading 16x16 blocks from file "../Level/Wood Zone/Blocks.dat", using compression Uncompressed...
Loading palette file "../Palettes/Sonic.pal"...
Source: 0 Destination: 0 Length: 16
Loading 128x128 chunks from file "../Level/Wood Zone/Chunks.kos", using compression Kosinski...
Loading FG layout from file "../Level/Wood Zone/Fg_Map1.dat", using compression Uncompressed...
Loading palette file "../Palettes/Wz.pal"...
Source: 0 Destination: 16 Length: 48
Loading BG layout from file "../Level/Wood Zone/Bg_Map1.dat", using compression Uncompressed...
Loading FG layout from file "../Level/Wood Zone/Fg_Map2.dat", using compression Uncompressed...
Loading BG layout from file "../Level/Wood Zone/Bg_Map2.dat", using compression Uncompressed...
Loading object definition file "obj.ini".
Loading object definition file "obj.ini".
System.AggregateException: One or more errors occurred. ---> System.ArgumentException: Source array was not long enough. Check srcIndex and length, and the array's lower bounds.
   at System.Array.Copy(Array sourceArray, Int32 sourceIndex, Array destinationArray, Int32 destinationIndex, Int32 length, Boolean reliable)
   at SonicRetro.SonLVL.API.ByteConverter.ToInt16(Byte[] value, Int32 startIndex) in E:\Programs\SonLVL\SonLVLAPI\ByteConverter.cs:line 61
   at SonicRetro.SonLVL.API.LevelData.GetOffsetList(Byte[] file) in E:\Programs\SonLVL\SonLVLAPI\LevelData.cs:line 1761
   at SonicRetro.SonLVL.API.MappingsFrame.Load(Byte[] file, EngineVersion version, Dictionary`2 labels) in E:\Programs\SonLVL\SonLVLAPI\DataTypes.cs:line 1396
   at SonicRetro.SonLVL.API.ObjectHelper.MapToBmp(Byte[] artfile, Byte[] mapfile, Int32 frame, Int32 startpal, Boolean priority, EngineVersion version) in E:\Programs\SonLVL\SonLVLAPI\ObjectHelper.cs:line 21
   at SonicRetro.SonLVL.API.ObjectHelper.MapASMToBmp(Byte[] artfile, String mapfileloc, Int32 frame, Int32 startpal, Boolean priority, EngineVersion version) in E:\Programs\SonLVL\SonLVLAPI\ObjectHelper.cs:line 29
   at SonicRetro.SonLVL.API.XMLObjectDefinition.Init(ObjectData data) in E:\Programs\SonLVL\SonLVLAPI\ObjectDefinition.cs:line 710
   at SonicRetro.SonLVL.API.LevelData.<>c__DisplayClass102_0.<InitObjectDefinitions>b__0(KeyValuePair`2 group) in E:\Programs\SonLVL\SonLVLAPI\LevelData.cs:line 1578
   at System.Threading.Tasks.Parallel.<>c__DisplayClass42_0`2.<PartitionerForEachWorker>b__1()
   at System.Threading.Tasks.Task.InnerInvoke()
   at System.Threading.Tasks.Task.InnerInvokeWithArg(Task childTask)
   at System.Threading.Tasks.Task.<>c__DisplayClass176_0.<ExecuteSelfReplicating>b__0(Object <p0>)
   --- End of inner exception stack trace ---
   at System.Threading.Tasks.Task.ThrowIfExceptional(Boolean includeTaskCanceledExceptions)
   at System.Threading.Tasks.Task.Wait(Int32 millisecondsTimeout, CancellationToken cancellationToken)
   at System.Threading.Tasks.Task.Wait()
   at System.Threading.Tasks.Parallel.PartitionerForEachWorker[TSource,TLocal](Partitioner`1 source, ParallelOptions parallelOptions, Action`1 simpleBody, Action`2 bodyWithState, Action`3 bodyWithStateAndIndex, Func`4 bodyWithStateAndLocal, Func`5 bodyWithEverything, Func`1 localInit, Action`1 localFinally)
   at System.Threading.Tasks.Parallel.ForEachWorker[TSource,TLocal](IEnumerable`1 source, ParallelOptions parallelOptions, Action`1 body, Action`2 bodyWithState, Action`3 bodyWithStateAndIndex, Func`4 bodyWithStateAndLocal, Func`5 bodyWithEverything, Func`1 localInit, Action`1 localFinally)
   at System.Threading.Tasks.Parallel.ForEach[TSource](IEnumerable`1 source, Action`1 body)
   at SonicRetro.SonLVL.API.LevelData.InitObjectDefinitions() in E:\Programs\SonLVL\SonLVLAPI\LevelData.cs:line 1505
   at SonicRetro.SonLVL.API.LevelData.LoadLevel(String levelname, Boolean loadGraphics) in E:\Programs\SonLVL\SonLVLAPI\LevelData.cs:line 319
   at SonicRetro.SonLVL.GUI.MainForm.backgroundLevelLoader_DoWork(Object sender, DoWorkEventArgs e) in E:\Programs\SonLVL\SonLVL\MainForm.cs:line 574
---> (Inner Exception #0) System.ArgumentException: Source array was not long enough. Check srcIndex and length, and the array's lower bounds.
   at System.Array.Copy(Array sourceArray, Int32 sourceIndex, Array destinationArray, Int32 destinationIndex, Int32 length, Boolean reliable)
   at SonicRetro.SonLVL.API.ByteConverter.ToInt16(Byte[] value, Int32 startIndex) in E:\Programs\SonLVL\SonLVLAPI\ByteConverter.cs:line 61
   at SonicRetro.SonLVL.API.LevelData.GetOffsetList(Byte[] file) in E:\Programs\SonLVL\SonLVLAPI\LevelData.cs:line 1761
   at SonicRetro.SonLVL.API.MappingsFrame.Load(Byte[] file, EngineVersion version, Dictionary`2 labels) in E:\Programs\SonLVL\SonLVLAPI\DataTypes.cs:line 1396
   at SonicRetro.SonLVL.API.ObjectHelper.MapToBmp(Byte[] artfile, Byte[] mapfile, Int32 frame, Int32 startpal, Boolean priority, EngineVersion version) in E:\Programs\SonLVL\SonLVLAPI\ObjectHelper.cs:line 21
   at SonicRetro.SonLVL.API.ObjectHelper.MapASMToBmp(Byte[] artfile, String mapfileloc, Int32 frame, Int32 startpal, Boolean priority, EngineVersion version) in E:\Programs\SonLVL\SonLVLAPI\ObjectHelper.cs:line 29
   at SonicRetro.SonLVL.API.XMLObjectDefinition.Init(ObjectData data) in E:\Programs\SonLVL\SonLVLAPI\ObjectDefinition.cs:line 710
   at SonicRetro.SonLVL.API.LevelData.<>c__DisplayClass102_0.<InitObjectDefinitions>b__0(KeyValuePair`2 group) in E:\Programs\SonLVL\SonLVLAPI\LevelData.cs:line 1578
   at System.Threading.Tasks.Parallel.<>c__DisplayClass42_0`2.<PartitionerForEachWorker>b__1()
   at System.Threading.Tasks.Task.InnerInvoke()
   at System.Threading.Tasks.Task.InnerInvokeWithArg(Task childTask)
   at System.Threading.Tasks.Task.<>c__DisplayClass176_0.<ExecuteSelfReplicating>b__0(Object <p0>)<---

